10:33:35 | INFO     | Saved log: results\gridsearch_log\grid_search_20260525_103335.log
10:33:35 | INFO     | =======================================================
10:33:35 | INFO     | GRID SEARCH CONFIGURATION
10:33:35 | INFO     | =======================================================
10:33:35 | INFO     |   combinations : 27
10:33:35 | INFO     |   functions     : ['sphere', 'rastrigin', 'rosenbrock', 'ackley']
10:33:35 | INFO     |   num_particles : 40
10:33:35 | INFO     |   dim           : 10
10:33:35 | INFO     |   max_iters     : 500
10:33:35 | INFO     |   gridsearch    :
10:33:35 | INFO     |     w: [0.4, 0.65, 0.9]
10:33:35 | INFO     |     c1: [1.0, 1.75, 2.5]
10:33:35 | INFO     |     c2: [1.0, 1.75, 2.5]
10:33:35 | INFO     | =======================================================
10:33:35 | INFO     | Running grid search...
10:33:50 | INFO     | -------------------------------------------------------
10:33:50 | INFO     | TOP 3 of sphere
10:33:50 | INFO     |   rank      w     c1     c2      time    best_fitness
10:33:50 | INFO     |   ---- ------ ------ ------  --------  --------------
10:33:50 | INFO     |      1  0.400  1.750  1.750    0.142s    3.179397e-59
10:33:50 | INFO     |      2  0.650  1.000  1.000    0.115s    2.575397e-58
10:33:50 | INFO     |      3  0.650  1.750  1.000    0.141s    2.975248e-51
10:33:50 | INFO     | -------------------------------------------------------
10:33:50 | INFO     | -------------------------------------------------------
10:33:50 | INFO     | TOP 3 of rastrigin
10:33:50 | INFO     |   rank      w     c1     c2      time    best_fitness
10:33:50 | INFO     |   ---- ------ ------ ------  --------  --------------
10:33:50 | INFO     |      1  0.400  2.500  1.750    0.110s    2.984877e+00
10:33:50 | INFO     |      2  0.400  1.750  2.500    0.111s    2.988452e+00
10:33:50 | INFO     |      3  0.400  2.500  1.000    0.113s    3.979845e+00
10:33:50 | INFO     | -------------------------------------------------------
10:33:50 | INFO     | -------------------------------------------------------
10:33:50 | INFO     | TOP 3 of rosenbrock
10:33:50 | INFO     |   rank      w     c1     c2      time    best_fitness
10:33:50 | INFO     |   ---- ------ ------ ------  --------  --------------
10:33:50 | INFO     |      1  0.650  1.000  1.750    0.173s    9.012591e-01
10:33:50 | INFO     |      2  0.650  1.750  1.000    0.134s    1.036938e+00
10:33:50 | INFO     |      3  0.400  1.750  2.500    0.152s    1.442630e+00
10:33:50 | INFO     | -------------------------------------------------------
10:33:50 | INFO     | -------------------------------------------------------
10:33:50 | INFO     | TOP 3 of ackley
10:33:50 | INFO     |   rank      w     c1     c2      time    best_fitness
10:33:50 | INFO     |   ---- ------ ------ ------  --------  --------------
10:33:50 | INFO     |      1  0.400  1.750  1.750    0.181s    3.996803e-15
10:33:50 | INFO     |      2  0.650  1.750  1.000    0.179s    3.996803e-15
10:33:50 | INFO     |      3  0.400  1.000  2.500    0.183s    7.549517e-15
10:33:50 | INFO     | -------------------------------------------------------
10:33:51 | INFO     | Saved plot in src/io/convergence_gridsearch.png
10:33:51 | INFO     | Saved results in src/io/resultsCSV.csv and src/io/resultsJSON.json
10:33:51 | INFO     | GRID SEARCH COMPLETED.
