19:44:40 | INFO     | Log guardado en: results\gridsearch_log\grid_search_20260523_194440.log
19:44:40 | INFO     | =======================================================
19:44:40 | INFO     | CONFIGURACIÓN GRID SEARCH
19:44:40 | INFO     | =======================================================
19:44:40 | INFO     |   combinaciones : 27
19:44:40 | INFO     |   funciones     : ['sphere', 'rastrigin', 'rosenbrock', 'ackley']
19:44:40 | INFO     |   num_particles : 30
19:44:40 | INFO     |   dim           : 30
19:44:40 | INFO     |   max_iters     : 100
19:44:40 | INFO     |   gridsearch    :
19:44:40 | INFO     |     w: [0.4, 0.65, 0.9]
19:44:40 | INFO     |     c1: [1.0, 3.0, 5.0]
19:44:40 | INFO     |     c2: [1.0, 3.0, 5.0]
19:44:40 | INFO     | =======================================================
19:44:40 | INFO     | Ejecutando grid search...
19:44:47 | INFO     | -------------------------------------------------------
19:44:47 | INFO     | TOP 3  —  sphere
19:44:47 | INFO     |   rank      w     c1     c2      time    best_fitness
19:44:47 | INFO     |   ---- ------ ------ ------  --------  --------------
19:44:47 | INFO     |      1  0.400  3.000  1.000    0.060s    7.477343e+00
19:44:47 | INFO     |      2  0.650  1.000  1.000    0.048s    1.189578e+01
19:44:47 | INFO     |      3  0.400  1.000  3.000    0.063s    1.470753e+01
19:44:47 | INFO     | -------------------------------------------------------
19:44:47 | INFO     | -------------------------------------------------------
19:44:47 | INFO     | TOP 3  —  rastrigin
19:44:47 | INFO     |   rank      w     c1     c2      time    best_fitness
19:44:47 | INFO     |   ---- ------ ------ ------  --------  --------------
19:44:47 | INFO     |      1  0.400  3.000  1.000    0.061s    1.151428e+02
19:44:47 | INFO     |      2  0.650  1.000  1.000    0.063s    1.152678e+02
19:44:47 | INFO     |      3  0.400  1.000  1.000    0.065s    1.499076e+02
19:44:47 | INFO     | -------------------------------------------------------
19:44:47 | INFO     | -------------------------------------------------------
19:44:47 | INFO     | TOP 3  —  rosenbrock
19:44:47 | INFO     |   rank      w     c1     c2      time    best_fitness
19:44:47 | INFO     |   ---- ------ ------ ------  --------  --------------
19:44:47 | INFO     |      1  0.400  3.000  1.000    0.054s    5.178377e+02
19:44:47 | INFO     |      2  0.650  1.000  1.000    0.064s    8.582019e+02
19:44:47 | INFO     |      3  0.900  1.000  1.000    0.073s    4.784350e+03
19:44:47 | INFO     | -------------------------------------------------------
19:44:47 | INFO     | -------------------------------------------------------
19:44:47 | INFO     | TOP 3  —  ackley
19:44:47 | INFO     |   rank      w     c1     c2      time    best_fitness
19:44:47 | INFO     |   ---- ------ ------ ------  --------  --------------
19:44:47 | INFO     |      1  0.650  1.000  1.000    0.052s    3.618324e+00
19:44:47 | INFO     |      2  0.400  3.000  1.000    0.050s    4.109013e+00
19:44:47 | INFO     |      3  0.900  1.000  1.000    0.060s    4.852769e+00
19:44:47 | INFO     | -------------------------------------------------------
19:44:48 | INFO     | Plot guardado  →  src/io/convergence_gridsearch.png
19:44:48 | INFO     | Resultados guardados  →  src/io/resultsCSV.csv  /  resultsJSON.json
19:44:48 | INFO     | Grid search completado.
