18:33:34 | INFO     | Log guardado en: results\gridsearch_log\grid_search_20260524_183334.log
18:33:34 | INFO     | =======================================================
18:33:34 | INFO     | CONFIGURACIÓN GRID SEARCH
18:33:34 | INFO     | =======================================================
18:33:34 | INFO     |   combinaciones : 27
18:33:34 | INFO     |   funciones     : ['sphere', 'rastrigin', 'rosenbrock', 'ackley']
18:33:34 | INFO     |   num_particles : 40
18:33:34 | INFO     |   dim           : 10
18:33:34 | INFO     |   max_iters     : 500
18:33:34 | INFO     |   gridsearch    :
18:33:34 | INFO     |     w: [0.4, 0.65, 0.9]
18:33:34 | INFO     |     c1: [1.0, 1.75, 2.5]
18:33:34 | INFO     |     c2: [1.0, 1.75, 2.5]
18:33:34 | INFO     | =======================================================
18:33:34 | INFO     | Ejecutando grid search...
18:33:47 | INFO     | -------------------------------------------------------
18:33:47 | INFO     | TOP 3  —  sphere
18:33:47 | INFO     |   rank      w     c1     c2      time    best_fitness
18:33:47 | INFO     |   ---- ------ ------ ------  --------  --------------
18:33:47 | INFO     |      1  0.650  1.000  1.000    0.118s    2.922416e-60
18:33:47 | INFO     |      2  0.400  1.750  1.750    0.145s    7.385568e-59
18:33:47 | INFO     |      3  0.650  1.750  1.000    0.136s    2.266347e-51
18:33:47 | INFO     | -------------------------------------------------------
18:33:47 | INFO     | -------------------------------------------------------
18:33:47 | INFO     | TOP 3  —  rastrigin
18:33:47 | INFO     |   rank      w     c1     c2      time    best_fitness
18:33:47 | INFO     |   ---- ------ ------ ------  --------  --------------
18:33:47 | INFO     |      1  0.400  2.500  1.750    0.123s    2.984890e+00
18:33:47 | INFO     |      2  0.400  2.500  1.000    0.126s    3.979857e+00
18:33:47 | INFO     |      3  0.650  1.000  1.000    0.126s    6.964708e+00
18:33:47 | INFO     | -------------------------------------------------------
18:33:47 | INFO     | -------------------------------------------------------
18:33:47 | INFO     | TOP 3  —  rosenbrock
18:33:47 | INFO     |   rank      w     c1     c2      time    best_fitness
18:33:47 | INFO     |   ---- ------ ------ ------  --------  --------------
18:33:47 | INFO     |      1  0.650  1.000  1.750    0.117s    1.204602e-01
18:33:47 | INFO     |      2  0.650  2.500  1.000    0.140s    1.835968e+00
18:33:47 | INFO     |      3  0.400  1.750  2.500    0.128s    1.835968e+00
18:33:47 | INFO     | -------------------------------------------------------
18:33:47 | INFO     | -------------------------------------------------------
18:33:47 | INFO     | TOP 3  —  ackley
18:33:47 | INFO     |   rank      w     c1     c2      time    best_fitness
18:33:47 | INFO     |   ---- ------ ------ ------  --------  --------------
18:33:47 | INFO     |      1  0.400  1.000  2.500    0.124s    3.996803e-15
18:33:47 | INFO     |      2  0.400  1.750  1.750    0.147s    3.996803e-15
18:33:47 | INFO     |      3  0.650  1.000  1.750    0.123s    3.996803e-15
18:33:47 | INFO     | -------------------------------------------------------
18:33:48 | INFO     | Plot guardado  →  src/io/convergence_gridsearch.png
18:33:48 | INFO     | Resultados guardados  →  src/io/resultsCSV.csv  /  resultsJSON.json
18:33:48 | INFO     | Grid search completado.
