10:32:50 | INFO     | Saved log: results\gridsearch_log\grid_search_20260525_103250.log
10:32:50 | INFO     | =======================================================
10:32:50 | INFO     | GRID SEARCH CONFIGURATION
10:32:50 | INFO     | =======================================================
10:32:50 | INFO     |   combinations : 27
10:32:50 | INFO     |   functions     : ['sphere', 'rastrigin', 'rosenbrock', 'ackley']
10:32:50 | INFO     |   num_particles : 40
10:32:50 | INFO     |   dim           : 10
10:32:50 | INFO     |   max_iters     : 500
10:32:50 | INFO     |   gridsearch    :
10:32:50 | INFO     |     w: [0.4, 0.65, 0.9]
10:32:50 | INFO     |     c1: [1.0, 1.75, 2.5]
10:32:50 | INFO     |     c2: [1.0, 1.75, 2.5]
10:32:50 | INFO     | =======================================================
10:32:50 | INFO     | Running grid search...
10:33:04 | INFO     | -------------------------------------------------------
10:33:04 | INFO     | TOP 3 of sphere
10:33:04 | INFO     |   rank      w     c1     c2      time    best_fitness
10:33:04 | INFO     |   ---- ------ ------ ------  --------  --------------
10:33:04 | INFO     |      1  0.650  1.000  1.000    0.105s    2.868762e-60
10:33:04 | INFO     |      2  0.400  1.750  1.750    0.129s    8.257333e-57
10:33:04 | INFO     |      3  0.650  1.750  1.000    0.136s    3.853189e-50
10:33:04 | INFO     | -------------------------------------------------------
10:33:04 | INFO     | -------------------------------------------------------
10:33:04 | INFO     | TOP 3 of rastrigin
10:33:04 | INFO     |   rank      w     c1     c2      time    best_fitness
10:33:04 | INFO     |   ---- ------ ------ ------  --------  --------------
10:33:04 | INFO     |      1  0.400  1.750  2.500    0.120s    9.949608e-01
10:33:04 | INFO     |      2  0.650  2.500  1.000    0.110s    3.010987e+00
10:33:04 | INFO     |      3  0.400  2.500  1.750    0.112s    4.105365e+00
10:33:04 | INFO     | -------------------------------------------------------
10:33:04 | INFO     | -------------------------------------------------------
10:33:04 | INFO     | TOP 3 of rosenbrock
10:33:04 | INFO     |   rank      w     c1     c2      time    best_fitness
10:33:04 | INFO     |   ---- ------ ------ ------  --------  --------------
10:33:04 | INFO     |      1  0.650  1.000  1.750    0.157s    8.432092e-02
10:33:04 | INFO     |      2  0.650  1.000  2.500    0.125s    3.042953e-01
10:33:04 | INFO     |      3  0.400  1.000  1.750    0.117s    5.826255e-01
10:33:04 | INFO     | -------------------------------------------------------
10:33:04 | INFO     | -------------------------------------------------------
10:33:04 | INFO     | TOP 3 of ackley
10:33:04 | INFO     |   rank      w     c1     c2      time    best_fitness
10:33:04 | INFO     |   ---- ------ ------ ------  --------  --------------
10:33:04 | INFO     |      1  0.400  1.000  2.500    0.125s    3.996803e-15
10:33:04 | INFO     |      2  0.400  1.750  1.750    0.123s    3.996803e-15
10:33:04 | INFO     |      3  0.650  1.000  1.750    0.125s    3.996803e-15
10:33:04 | INFO     | -------------------------------------------------------
10:33:05 | INFO     | Saved plot in src/io/convergence_gridsearch.png
10:33:05 | INFO     | Saved results in src/io/resultsCSV.csv and src/io/resultsJSON.json
10:33:05 | INFO     | GRID SEARCH COMPLETED.
