10:31:38 | INFO     | Saved log: results\gridsearch_log\grid_search_20260525_103138.log
10:31:38 | INFO     | =======================================================
10:31:38 | INFO     | GRID SEARCH CONFIGURATION
10:31:38 | INFO     | =======================================================
10:31:38 | INFO     |   combinations : 27
10:31:38 | INFO     |   functions     : ['sphere', 'rastrigin', 'rosenbrock', 'ackley']
10:31:38 | INFO     |   num_particles : 40
10:31:38 | INFO     |   dim           : 10
10:31:38 | INFO     |   max_iters     : 500
10:31:38 | INFO     |   gridsearch    :
10:31:38 | INFO     |     w: [0.4, 0.65, 0.9]
10:31:38 | INFO     |     c1: [1.0, 1.75, 2.5]
10:31:38 | INFO     |     c2: [1.0, 1.75, 2.5]
10:31:38 | INFO     | =======================================================
10:31:38 | INFO     | Running grid search...
10:31:54 | INFO     | -------------------------------------------------------
10:31:54 | INFO     | TOP 3  —  sphere
10:31:54 | INFO     |   rank      w     c1     c2      time    best_fitness
10:31:54 | INFO     |   ---- ------ ------ ------  --------  --------------
10:31:54 | INFO     |      1  0.650  1.000  1.000    0.152s    5.281570e-59
10:31:54 | INFO     |      2  0.400  1.750  1.750    0.155s    1.364672e-58
10:31:54 | INFO     |      3  0.650  1.750  1.000    0.156s    1.672259e-50
10:31:54 | INFO     | -------------------------------------------------------
10:31:54 | INFO     | -------------------------------------------------------
10:31:54 | INFO     | TOP 3  —  rastrigin
10:31:54 | INFO     |   rank      w     c1     c2      time    best_fitness
10:31:54 | INFO     |   ---- ------ ------ ------  --------  --------------
10:31:54 | INFO     |      1  0.650  2.500  1.000    0.162s    1.990006e+00
10:31:54 | INFO     |      2  0.400  2.500  1.750    0.141s    2.984877e+00
10:31:54 | INFO     |      3  0.650  1.750  1.750    0.118s    2.984877e+00
10:31:54 | INFO     | -------------------------------------------------------
10:31:54 | INFO     | -------------------------------------------------------
10:31:54 | INFO     | TOP 3  —  rosenbrock
10:31:54 | INFO     |   rank      w     c1     c2      time    best_fitness
10:31:54 | INFO     |   ---- ------ ------ ------  --------  --------------
10:31:54 | INFO     |      1  0.400  1.750  1.750    0.166s    2.066822e-02
10:31:54 | INFO     |      2  0.400  1.000  2.500    0.166s    5.914802e-01
10:31:54 | INFO     |      3  0.650  1.750  1.750    0.183s    3.507052e+00
10:31:54 | INFO     | -------------------------------------------------------
10:31:54 | INFO     | -------------------------------------------------------
10:31:54 | INFO     | TOP 3  —  ackley
10:31:54 | INFO     |   rank      w     c1     c2      time    best_fitness
10:31:54 | INFO     |   ---- ------ ------ ------  --------  --------------
10:31:54 | INFO     |      1  0.650  1.000  1.750    0.131s    3.996803e-15
10:31:54 | INFO     |      2  0.650  1.750  1.000    0.134s    3.996803e-15
10:31:54 | INFO     |      3  0.400  1.000  2.500    0.197s    7.549517e-15
10:31:54 | INFO     | -------------------------------------------------------
10:31:55 | INFO     | Saved plot in src/io/convergence_gridsearch.png
10:31:55 | INFO     | Saved results in src/io/resultsCSV.csv and src/io/resultsJSON.json
10:31:55 | INFO     | GRID SEARCH COMPLETED.
