12:58:55 | INFO     | Log guardado en: results\gridsearch_log\grid_search_20260524_125855.log
12:58:55 | INFO     | =======================================================
12:58:55 | INFO     | CONFIGURACIÓN GRID SEARCH
12:58:55 | INFO     | =======================================================
12:58:55 | INFO     |   combinaciones : 125
12:58:55 | INFO     |   funciones     : ['sphere', 'rastrigin', 'rosenbrock', 'ackley']
12:58:55 | INFO     |   num_particles : 100
12:58:55 | INFO     |   dim           : 10
12:58:55 | INFO     |   max_iters     : 500
12:58:55 | INFO     |   gridsearch    :
12:58:55 | INFO     |     w: [0.4, 0.525, 0.65, 0.775, 0.9]
12:58:55 | INFO     |     c1: [1.0, 1.375, 1.75, 2.125, 2.5]
12:58:55 | INFO     |     c2: [1.0, 1.375, 1.75, 2.125, 2.5]
12:58:55 | INFO     | =======================================================
12:58:55 | INFO     | Ejecutando grid search...
13:00:25 | INFO     | -------------------------------------------------------
13:00:25 | INFO     | TOP 3  —  sphere
13:00:25 | INFO     |   rank      w     c1     c2      time    best_fitness
13:00:25 | INFO     |   ---- ------ ------ ------  --------  --------------
13:00:25 | INFO     |      1  0.525  1.000  1.000    0.154s    2.349489e-94
13:00:25 | INFO     |      2  0.400  1.750  1.375    0.172s    2.614138e-94
13:00:25 | INFO     |      3  0.525  1.375  1.000    0.160s    1.489066e-92
13:00:25 | INFO     | -------------------------------------------------------
13:00:25 | INFO     | -------------------------------------------------------
13:00:25 | INFO     | TOP 3  —  rastrigin
13:00:25 | INFO     |   rank      w     c1     c2      time    best_fitness
13:00:25 | INFO     |   ---- ------ ------ ------  --------  --------------
13:00:25 | INFO     |      1  0.525  1.375  2.500    0.161s    2.842171e-14
13:00:25 | INFO     |      2  0.650  2.500  1.375    0.160s    6.849025e-05
13:00:25 | INFO     |      3  0.775  2.125  1.000    0.166s    1.135103e-01
13:00:25 | INFO     | -------------------------------------------------------
13:00:25 | INFO     | -------------------------------------------------------
13:00:25 | INFO     | TOP 3  —  rosenbrock
13:00:25 | INFO     |   rank      w     c1     c2      time    best_fitness
13:00:25 | INFO     |   ---- ------ ------ ------  --------  --------------
13:00:25 | INFO     |      1  0.525  2.500  1.375    0.169s    2.811287e-04
13:00:25 | INFO     |      2  0.650  1.000  1.750    0.171s    5.350188e-02
13:00:25 | INFO     |      3  0.525  2.125  2.125    0.170s    6.171228e-02
13:00:25 | INFO     | -------------------------------------------------------
13:00:25 | INFO     | -------------------------------------------------------
13:00:25 | INFO     | TOP 3  —  ackley
13:00:25 | INFO     |   rank      w     c1     c2      time    best_fitness
13:00:25 | INFO     |   ---- ------ ------ ------  --------  --------------
13:00:25 | INFO     |      1  0.400  1.000  2.125    0.173s    3.996803e-15
13:00:25 | INFO     |      2  0.400  1.000  2.500    0.178s    3.996803e-15
13:00:25 | INFO     |      3  0.400  1.375  2.125    0.172s    3.996803e-15
13:00:25 | INFO     | -------------------------------------------------------
13:00:26 | INFO     | Plot guardado  →  src/io/convergence_gridsearch.png
13:00:26 | INFO     | Resultados guardados  →  src/io/resultsCSV.csv  /  resultsJSON.json
13:00:26 | INFO     | Grid search completado.
