12:06:31 | INFO     | Log guardado en: results\gridsearch_log\grid_search_20260524_120631.log
12:06:31 | INFO     | =======================================================
12:06:31 | INFO     | CONFIGURACIÓN GRID SEARCH
12:06:31 | INFO     | =======================================================
12:06:31 | INFO     |   combinaciones : 27
12:06:31 | INFO     |   funciones     : ['sphere', 'rastrigin', 'rosenbrock', 'ackley']
12:06:31 | INFO     |   num_particles : 30
12:06:31 | INFO     |   dim           : 10
12:06:31 | INFO     |   max_iters     : 500
12:06:31 | INFO     |   gridsearch    :
12:06:31 | INFO     |     w: [0.4, 0.65, 0.9]
12:06:31 | INFO     |     c1: [1.0, 3.0, 5.0]
12:06:31 | INFO     |     c2: [1.0, 3.0, 5.0]
12:06:31 | INFO     | =======================================================
12:06:31 | INFO     | Ejecutando grid search...
12:06:44 | INFO     | -------------------------------------------------------
12:06:44 | INFO     | TOP 3  —  sphere
12:06:44 | INFO     |   rank      w     c1     c2      time    best_fitness
12:06:44 | INFO     |   ---- ------ ------ ------  --------  --------------
12:06:44 | INFO     |      1  0.650  1.000  1.000    0.087s    1.448800e-51
12:06:44 | INFO     |      2  0.400  1.000  3.000    0.112s    4.751249e-16
12:06:44 | INFO     |      3  0.650  3.000  1.000    0.080s    4.894829e-08
12:06:44 | INFO     | -------------------------------------------------------
12:06:44 | INFO     | -------------------------------------------------------
12:06:44 | INFO     | TOP 3  —  rastrigin
12:06:44 | INFO     |   rank      w     c1     c2      time    best_fitness
12:06:44 | INFO     |   ---- ------ ------ ------  --------  --------------
12:06:44 | INFO     |      1  0.400  3.000  1.000    0.087s    3.979836e+00
12:06:44 | INFO     |      2  0.650  3.000  1.000    0.124s    5.364320e+00
12:06:44 | INFO     |      3  0.400  1.000  1.000    0.085s    1.443086e+01
12:06:44 | INFO     | -------------------------------------------------------
12:06:44 | INFO     | -------------------------------------------------------
12:06:44 | INFO     | TOP 3  —  rosenbrock
12:06:44 | INFO     |   rank      w     c1     c2      time    best_fitness
12:06:44 | INFO     |   ---- ------ ------ ------  --------  --------------
12:06:44 | INFO     |      1  0.400  1.000  3.000    0.113s    4.098271e+00
12:06:44 | INFO     |      2  0.650  3.000  1.000    0.089s    6.043451e+00
12:06:44 | INFO     |      3  0.400  3.000  1.000    0.090s    9.796078e+00
12:06:44 | INFO     | -------------------------------------------------------
12:06:44 | INFO     | -------------------------------------------------------
12:06:44 | INFO     | TOP 3  —  ackley
12:06:44 | INFO     |   rank      w     c1     c2      time    best_fitness
12:06:44 | INFO     |   ---- ------ ------ ------  --------  --------------
12:06:44 | INFO     |      1  0.650  1.000  1.000    0.122s    2.886580e-14
12:06:44 | INFO     |      2  0.400  1.000  3.000    0.099s    1.676480e-09
12:06:44 | INFO     |      3  0.650  3.000  1.000    0.098s    1.014150e-03
12:06:44 | INFO     | -------------------------------------------------------
12:06:45 | INFO     | Plot guardado  →  src/io/convergence_gridsearch.png
12:06:45 | INFO     | Resultados guardados  →  src/io/resultsCSV.csv  /  resultsJSON.json
12:06:45 | INFO     | Grid search completado.
