10:35:10 | INFO     | Saved log: results\gridsearch_log\grid_search_20260525_103510.log
10:35:10 | INFO     | =======================================================
10:35:10 | INFO     | GRID SEARCH CONFIGURATION
10:35:10 | INFO     | =======================================================
10:35:10 | INFO     |   combinations : 27
10:35:10 | INFO     |   functions     : ['sphere', 'rastrigin', 'rosenbrock', 'ackley']
10:35:10 | INFO     |   num_particles : 40
10:35:10 | INFO     |   dim           : 10
10:35:10 | INFO     |   max_iters     : 500
10:35:10 | INFO     |   gridsearch    :
10:35:10 | INFO     |     w: [0.4, 0.65, 0.9]
10:35:10 | INFO     |     c1: [1.0, 1.75, 2.5]
10:35:10 | INFO     |     c2: [1.0, 1.75, 2.5]
10:35:10 | INFO     | =======================================================
10:35:10 | INFO     | Running grid search...
10:35:24 | INFO     | -------------------------------------------------------
10:35:24 | INFO     | TOP 3 of sphere
10:35:24 | INFO     |   rank      w     c1     c2      time    best_fitness
10:35:24 | INFO     |   ---- ------ ------ ------  --------  --------------
10:35:24 | INFO     |      1  0.400  1.750  1.750    0.142s    3.832111e-64
10:35:24 | INFO     |      2  0.650  1.000  1.000    0.109s    1.835636e-60
10:35:24 | INFO     |      3  0.650  1.750  1.000    0.135s    1.554278e-51
10:35:24 | INFO     | -------------------------------------------------------
10:35:24 | INFO     | -------------------------------------------------------
10:35:24 | INFO     | TOP 3 of rastrigin
10:35:24 | INFO     |   rank      w     c1     c2      time    best_fitness
10:35:24 | INFO     |   ---- ------ ------ ------  --------  --------------
10:35:24 | INFO     |      1  0.650  1.750  1.750    0.115s    1.989919e+00
10:35:24 | INFO     |      2  0.400  2.500  1.000    0.120s    2.984877e+00
10:35:24 | INFO     |      3  0.400  1.750  2.500    0.128s    2.985027e+00
10:35:24 | INFO     | -------------------------------------------------------
10:35:24 | INFO     | -------------------------------------------------------
10:35:24 | INFO     | TOP 3 of rosenbrock
10:35:24 | INFO     |   rank      w     c1     c2      time    best_fitness
10:35:24 | INFO     |   ---- ------ ------ ------  --------  --------------
10:35:24 | INFO     |      1  0.400  1.000  2.500    0.119s    1.548465e+00
10:35:24 | INFO     |      2  0.400  2.500  1.750    0.133s    4.284397e+00
10:35:24 | INFO     |      3  0.650  1.000  2.500    0.119s    4.389251e+00
10:35:24 | INFO     | -------------------------------------------------------
10:35:24 | INFO     | -------------------------------------------------------
10:35:24 | INFO     | TOP 3 of ackley
10:35:24 | INFO     |   rank      w     c1     c2      time    best_fitness
10:35:24 | INFO     |   ---- ------ ------ ------  --------  --------------
10:35:24 | INFO     |      1  0.400  1.750  1.750    0.127s    3.996803e-15
10:35:24 | INFO     |      2  0.650  1.000  1.000    0.126s    3.996803e-15
10:35:24 | INFO     |      3  0.400  1.000  2.500    0.127s    7.549517e-15
10:35:24 | INFO     | -------------------------------------------------------
10:35:26 | INFO     | Saved plot in src/io/convergence_gridsearch.png
10:35:26 | INFO     | Saved results in src/io/resultsCSV.csv and src/io/resultsJSON.json
10:35:26 | INFO     | GRID SEARCH COMPLETED.
