14:04:08 | INFO     | Log guardado en: results\gridsearch_log\grid_search_20260522_140408.log
14:04:08 | INFO     | =======================================================
14:04:08 | INFO     | CONFIGURACIÓN GRID SEARCH
14:04:08 | INFO     | =======================================================
14:04:08 | INFO     |   combinaciones : 27
14:04:08 | INFO     |   funciones     : ['sphere', 'rastrigin', 'rosenbrock', 'ackley']
14:04:08 | INFO     |   num_particles : 30
14:04:08 | INFO     |   dim           : 30
14:04:08 | INFO     |   max_iters     : 100
14:04:08 | INFO     |   gridsearch    :
14:04:08 | INFO     |     w: [0.4, 0.65, 0.9]
14:04:08 | INFO     |     c1: [1.0, 3.0, 5.0]
14:04:08 | INFO     |     c2: [1.0, 3.0, 5.0]
14:04:08 | INFO     | =======================================================
14:04:08 | INFO     | Ejecutando grid search...
14:04:15 | INFO     | -------------------------------------------------------
14:04:15 | INFO     | TOP 3  —  sphere
14:04:15 | INFO     |   rank      w     c1     c2      time    best_fitness
14:04:15 | INFO     |   ---- ------ ------ ------  --------  --------------
14:04:15 | INFO     |      1  0.650  3.000  1.000    0.058s    1.010090e+01
14:04:15 | INFO     |      2  0.900  1.000  1.000    0.067s    1.068930e+01
14:04:15 | INFO     |      3  0.400  3.000  1.000    0.063s    1.560644e+01
14:04:15 | INFO     | -------------------------------------------------------
14:04:15 | INFO     | -------------------------------------------------------
14:04:15 | INFO     | TOP 3  —  rastrigin
14:04:15 | INFO     |   rank      w     c1     c2      time    best_fitness
14:04:15 | INFO     |   ---- ------ ------ ------  --------  --------------
14:04:15 | INFO     |      1  0.400  3.000  1.000    0.064s    8.250062e+01
14:04:15 | INFO     |      2  0.400  1.000  1.000    0.065s    1.692209e+02
14:04:15 | INFO     |      3  0.650  1.000  1.000    0.056s    1.804479e+02
14:04:15 | INFO     | -------------------------------------------------------
14:04:15 | INFO     | -------------------------------------------------------
14:04:15 | INFO     | TOP 3  —  rosenbrock
14:04:15 | INFO     |   rank      w     c1     c2      time    best_fitness
14:04:15 | INFO     |   ---- ------ ------ ------  --------  --------------
14:04:15 | INFO     |      1  0.400  3.000  1.000    0.055s    3.861411e+02
14:04:15 | INFO     |      2  0.650  1.000  1.000    0.056s    3.975782e+03
14:04:15 | INFO     |      3  0.900  1.000  1.000    0.054s    4.307409e+03
14:04:15 | INFO     | -------------------------------------------------------
14:04:15 | INFO     | -------------------------------------------------------
14:04:15 | INFO     | TOP 3  —  ackley
14:04:15 | INFO     |   rank      w     c1     c2      time    best_fitness
14:04:15 | INFO     |   ---- ------ ------ ------  --------  --------------
14:04:15 | INFO     |      1  0.400  3.000  1.000    0.069s    2.869199e+00
14:04:15 | INFO     |      2  0.650  3.000  1.000    0.077s    4.594741e+00
14:04:15 | INFO     |      3  0.900  1.000  1.000    0.050s    5.434117e+00
14:04:15 | INFO     | -------------------------------------------------------
14:04:16 | INFO     | Plot guardado  →  src/io/convergence_gridsearch.png
14:04:16 | INFO     | Resultados guardados  →  src/io/resultsCSV.csv  /  resultsJSON.json
14:04:16 | INFO     | Grid search completado.
