10:36:01 | INFO     | Saved log: results\gridsearch_log\grid_search_20260525_103601.log
10:36:01 | INFO     | =======================================================
10:36:01 | INFO     | GRID SEARCH CONFIGURATION
10:36:01 | INFO     | =======================================================
10:36:01 | INFO     |   combinations : 27
10:36:01 | INFO     |   functions     : ['sphere', 'rastrigin', 'rosenbrock', 'ackley']
10:36:01 | INFO     |   num_particles : 40
10:36:01 | INFO     |   dim           : 10
10:36:01 | INFO     |   max_iters     : 500
10:36:01 | INFO     |   gridsearch    :
10:36:01 | INFO     |     w: [0.4, 0.65, 0.9]
10:36:01 | INFO     |     c1: [1.0, 1.75, 2.5]
10:36:01 | INFO     |     c2: [1.0, 1.75, 2.5]
10:36:01 | INFO     | =======================================================
10:36:01 | INFO     | Running grid search...
10:36:16 | INFO     | -------------------------------------------------------
10:36:16 | INFO     | TOP 3 of sphere
10:36:16 | INFO     |   rank      w     c1     c2      time    best_fitness
10:36:16 | INFO     |   ---- ------ ------ ------  --------  --------------
10:36:16 | INFO     |      1  0.400  1.750  1.750    0.162s    3.208548e-62
10:36:16 | INFO     |      2  0.650  1.000  1.000    0.149s    4.769106e-59
10:36:16 | INFO     |      3  0.650  1.750  1.000    0.133s    1.275186e-50
10:36:16 | INFO     | -------------------------------------------------------
10:36:16 | INFO     | -------------------------------------------------------
10:36:16 | INFO     | TOP 3 of rastrigin
10:36:16 | INFO     |   rank      w     c1     c2      time    best_fitness
10:36:16 | INFO     |   ---- ------ ------ ------  --------  --------------
10:36:16 | INFO     |      1  0.650  2.500  1.000    0.114s    2.984877e+00
10:36:16 | INFO     |      2  0.650  1.000  2.500    0.124s    2.992357e+00
10:36:16 | INFO     |      3  0.400  1.750  2.500    0.155s    2.997723e+00
10:36:16 | INFO     | -------------------------------------------------------
10:36:16 | INFO     | -------------------------------------------------------
10:36:16 | INFO     | TOP 3 of rosenbrock
10:36:16 | INFO     |   rank      w     c1     c2      time    best_fitness
10:36:16 | INFO     |   ---- ------ ------ ------  --------  --------------
10:36:16 | INFO     |      1  0.650  1.000  1.750    0.120s    3.214101e-01
10:36:16 | INFO     |      2  0.400  1.000  2.500    0.137s    5.789181e-01
10:36:16 | INFO     |      3  0.400  1.750  2.500    0.125s    2.036472e+00
10:36:16 | INFO     | -------------------------------------------------------
10:36:16 | INFO     | -------------------------------------------------------
10:36:16 | INFO     | TOP 3 of ackley
10:36:16 | INFO     |   rank      w     c1     c2      time    best_fitness
10:36:16 | INFO     |   ---- ------ ------ ------  --------  --------------
10:36:16 | INFO     |      1  0.400  1.750  1.750    0.214s    3.996803e-15
10:36:16 | INFO     |      2  0.650  1.750  1.000    0.184s    3.996803e-15
10:36:16 | INFO     |      3  0.400  1.000  1.750    0.140s    7.549517e-15
10:36:16 | INFO     | -------------------------------------------------------
10:36:17 | INFO     | Saved plot in src/io/convergence_gridsearch.png
10:36:17 | INFO     | Saved results in src/io/resultsCSV.csv and src/io/resultsJSON.json
10:36:17 | INFO     | GRID SEARCH COMPLETED.
