10:34:16 | INFO     | Saved log: results\gridsearch_log\grid_search_20260525_103416.log
10:34:16 | INFO     | =======================================================
10:34:16 | INFO     | GRID SEARCH CONFIGURATION
10:34:16 | INFO     | =======================================================
10:34:16 | INFO     |   combinations : 27
10:34:16 | INFO     |   functions     : ['sphere', 'rastrigin', 'rosenbrock', 'ackley']
10:34:16 | INFO     |   num_particles : 40
10:34:16 | INFO     |   dim           : 10
10:34:16 | INFO     |   max_iters     : 500
10:34:16 | INFO     |   gridsearch    :
10:34:16 | INFO     |     w: [0.4, 0.65, 0.9]
10:34:16 | INFO     |     c1: [1.0, 1.75, 2.5]
10:34:16 | INFO     |     c2: [1.0, 1.75, 2.5]
10:34:16 | INFO     | =======================================================
10:34:16 | INFO     | Running grid search...
10:34:37 | INFO     | -------------------------------------------------------
10:34:37 | INFO     | TOP 3 of sphere
10:34:37 | INFO     |   rank      w     c1     c2      time    best_fitness
10:34:37 | INFO     |   ---- ------ ------ ------  --------  --------------
10:34:37 | INFO     |      1  0.400  1.750  1.750    0.215s    6.905136e-59
10:34:37 | INFO     |      2  0.650  1.750  1.000    0.209s    5.315007e-51
10:34:37 | INFO     |      3  0.650  1.000  1.000    0.190s    2.429020e-45
10:34:37 | INFO     | -------------------------------------------------------
10:34:37 | INFO     | -------------------------------------------------------
10:34:37 | INFO     | TOP 3 of rastrigin
10:34:37 | INFO     |   rank      w     c1     c2      time    best_fitness
10:34:37 | INFO     |   ---- ------ ------ ------  --------  --------------
10:34:37 | INFO     |      1  0.400  2.500  1.000    0.199s    1.989935e+00
10:34:37 | INFO     |      2  0.650  1.750  1.750    0.213s    1.993380e+00
10:34:37 | INFO     |      3  0.400  2.500  1.750    0.208s    2.984877e+00
10:34:37 | INFO     | -------------------------------------------------------
10:34:37 | INFO     | -------------------------------------------------------
10:34:37 | INFO     | TOP 3 of rosenbrock
10:34:37 | INFO     |   rank      w     c1     c2      time    best_fitness
10:34:37 | INFO     |   ---- ------ ------ ------  --------  --------------
10:34:37 | INFO     |      1  0.400  1.000  2.500    0.226s    2.853719e-02
10:34:37 | INFO     |      2  0.650  1.000  1.750    0.206s    2.225243e-01
10:34:37 | INFO     |      3  0.650  1.000  2.500    0.210s    6.698120e-01
10:34:37 | INFO     | -------------------------------------------------------
10:34:37 | INFO     | -------------------------------------------------------
10:34:37 | INFO     | TOP 3 of ackley
10:34:37 | INFO     |   rank      w     c1     c2      time    best_fitness
10:34:37 | INFO     |   ---- ------ ------ ------  --------  --------------
10:34:37 | INFO     |      1  0.400  1.000  2.500    0.138s    3.996803e-15
10:34:37 | INFO     |      2  0.650  1.000  1.000    0.126s    3.996803e-15
10:34:37 | INFO     |      3  0.650  1.000  1.750    0.136s    3.996803e-15
10:34:37 | INFO     | -------------------------------------------------------
10:34:38 | INFO     | Saved plot in src/io/convergence_gridsearch.png
10:34:38 | INFO     | Saved results in src/io/resultsCSV.csv and src/io/resultsJSON.json
10:34:38 | INFO     | GRID SEARCH COMPLETED.
