13:31:11 | INFO     | Saved log: results\gridsearch_log\grid_search_20260525_133111.log
13:31:11 | INFO     | =======================================================
13:31:11 | INFO     | GRID SEARCH CONFIGURATION
13:31:11 | INFO     | =======================================================
13:31:11 | INFO     |   combinations : 27
13:31:11 | INFO     |   functions     : ['sphere', 'rastrigin', 'rosenbrock', 'ackley']
13:31:11 | INFO     |   num_particles : 40
13:31:11 | INFO     |   dim           : 10
13:31:11 | INFO     |   max_iters     : 300
13:31:11 | INFO     |   gridsearch    :
13:31:11 | INFO     |     w: [0.4, 0.65, 0.9]
13:31:11 | INFO     |     c1: [1.0, 1.75, 2.5]
13:31:11 | INFO     |     c2: [1.0, 1.75, 2.5]
13:31:11 | INFO     | =======================================================
13:31:11 | INFO     | Running grid search...
13:31:15 | INFO     | -------------------------------------------------------
13:31:15 | INFO     | TOP 3 of sphere
13:31:15 | INFO     |   rank      w     c1     c2      time    best_fitness
13:31:15 | INFO     |   ---- ------ ------ ------  --------  --------------
13:31:15 | INFO     |      1  0.400  1.750  1.750  0.038s    1.448137e-35
13:31:15 | INFO     |      2  0.650  1.000  1.000  0.038s    3.102321e-35
13:31:15 | INFO     |      3  0.650  1.750  1.000  0.039s    5.044076e-31
13:31:15 | INFO     | -------------------------------------------------------
13:31:15 | INFO     | -------------------------------------------------------
13:31:15 | INFO     | TOP 3 of rastrigin
13:31:15 | INFO     |   rank      w     c1     c2      time    best_fitness
13:31:15 | INFO     |   ---- ------ ------ ------  --------  --------------
13:31:15 | INFO     |      1  0.650  2.500  1.000  0.039s    1.989918e+00
13:31:15 | INFO     |      2  0.650  1.000  2.500  0.038s    2.028968e+00
13:31:15 | INFO     |      3  0.400  2.500  1.000  0.040s    4.974802e+00
13:31:15 | INFO     | -------------------------------------------------------
13:31:15 | INFO     | -------------------------------------------------------
13:31:15 | INFO     | TOP 3 of rosenbrock
13:31:15 | INFO     |   rank      w     c1     c2      time    best_fitness
13:31:15 | INFO     |   ---- ------ ------ ------  --------  --------------
13:31:15 | INFO     |      1  0.400  1.750  2.500  0.045s    1.212044e-01
13:31:15 | INFO     |      2  0.400  1.000  2.500  0.042s    3.476579e-01
13:31:15 | INFO     |      3  0.400  2.500  1.750  0.043s    8.804788e-01
13:31:15 | INFO     | -------------------------------------------------------
13:31:15 | INFO     | -------------------------------------------------------
13:31:15 | INFO     | TOP 3 of ackley
13:31:15 | INFO     |   rank      w     c1     c2      time    best_fitness
13:31:15 | INFO     |   ---- ------ ------ ------  --------  --------------
13:31:15 | INFO     |      1  0.650  1.750  1.000  0.042s    7.549517e-15
13:31:15 | INFO     |      2  0.400  1.000  2.500  0.044s    1.290079e-12
13:31:15 | INFO     |      3  0.650  1.000  1.750  0.043s    1.548317e-11
13:31:15 | INFO     | -------------------------------------------------------
13:31:16 | INFO     | Saved plot in src/io/convergence_gridsearch.png
13:31:16 | INFO     | Saved results in src/io/resultsCSV.csv and src/io/resultsJSON.json
13:31:16 | INFO     | GRID SEARCH COMPLETED.
