10:34:46 | INFO     | Saved log: results\gridsearch_log\grid_search_20260525_103446.log
10:34:46 | INFO     | =======================================================
10:34:46 | INFO     | GRID SEARCH CONFIGURATION
10:34:46 | INFO     | =======================================================
10:34:46 | INFO     |   combinations : 27
10:34:46 | INFO     |   functions     : ['sphere', 'rastrigin', 'rosenbrock', 'ackley']
10:34:46 | INFO     |   num_particles : 40
10:34:46 | INFO     |   dim           : 10
10:34:46 | INFO     |   max_iters     : 500
10:34:46 | INFO     |   gridsearch    :
10:34:46 | INFO     |     w: [0.4, 0.65, 0.9]
10:34:46 | INFO     |     c1: [1.0, 1.75, 2.5]
10:34:46 | INFO     |     c2: [1.0, 1.75, 2.5]
10:34:46 | INFO     | =======================================================
10:34:46 | INFO     | Running grid search...
10:35:01 | INFO     | -------------------------------------------------------
10:35:01 | INFO     | TOP 3 of sphere
10:35:01 | INFO     |   rank      w     c1     c2      time    best_fitness
10:35:01 | INFO     |   ---- ------ ------ ------  --------  --------------
10:35:01 | INFO     |      1  0.650  1.000  1.000    0.121s    7.351132e-62
10:35:01 | INFO     |      2  0.400  1.750  1.750    0.123s    3.352713e-57
10:35:01 | INFO     |      3  0.650  1.750  1.000    0.124s    1.980249e-49
10:35:01 | INFO     | -------------------------------------------------------
10:35:01 | INFO     | -------------------------------------------------------
10:35:01 | INFO     | TOP 3 of rastrigin
10:35:01 | INFO     |   rank      w     c1     c2      time    best_fitness
10:35:01 | INFO     |   ---- ------ ------ ------  --------  --------------
10:35:01 | INFO     |      1  0.400  2.500  1.750    0.111s    2.984879e+00
10:35:01 | INFO     |      2  0.650  2.500  1.000    0.110s    3.042579e+00
10:35:01 | INFO     |      3  0.650  1.750  1.750    0.148s    3.979836e+00
10:35:01 | INFO     | -------------------------------------------------------
10:35:01 | INFO     | -------------------------------------------------------
10:35:01 | INFO     | TOP 3 of rosenbrock
10:35:01 | INFO     |   rank      w     c1     c2      time    best_fitness
10:35:01 | INFO     |   ---- ------ ------ ------  --------  --------------
10:35:01 | INFO     |      1  0.400  1.750  2.500    0.161s    6.807330e-01
10:35:01 | INFO     |      2  0.650  1.000  1.750    0.125s    7.840046e-01
10:35:01 | INFO     |      3  0.400  1.000  2.500    0.148s    1.550574e+00
10:35:01 | INFO     | -------------------------------------------------------
10:35:01 | INFO     | -------------------------------------------------------
10:35:01 | INFO     | TOP 3 of ackley
10:35:01 | INFO     |   rank      w     c1     c2      time    best_fitness
10:35:01 | INFO     |   ---- ------ ------ ------  --------  --------------
10:35:01 | INFO     |      1  0.400  1.000  2.500    0.128s    3.996803e-15
10:35:01 | INFO     |      2  0.400  1.750  1.750    0.130s    3.996803e-15
10:35:01 | INFO     |      3  0.400  1.000  1.750    0.135s    7.549517e-15
10:35:01 | INFO     | -------------------------------------------------------
10:35:02 | INFO     | Saved plot in src/io/convergence_gridsearch.png
10:35:02 | INFO     | Saved results in src/io/resultsCSV.csv and src/io/resultsJSON.json
10:35:02 | INFO     | GRID SEARCH COMPLETED.
