18:20:18 | INFO     | Log guardado en: results\gridsearch_log\grid_search_20260524_182018.log
18:20:18 | INFO     | =======================================================
18:20:18 | INFO     | CONFIGURACIÓN GRID SEARCH
18:20:18 | INFO     | =======================================================
18:20:18 | INFO     |   combinaciones : 27
18:20:18 | INFO     |   funciones     : ['sphere', 'rastrigin', 'rosenbrock', 'ackley']
18:20:18 | INFO     |   num_particles : 40
18:20:18 | INFO     |   dim           : 10
18:20:18 | INFO     |   max_iters     : 300
18:20:18 | INFO     |   gridsearch    :
18:20:18 | INFO     |     w: [0.4, 0.65, 0.9]
18:20:18 | INFO     |     c1: [1.0, 1.75, 2.5]
18:20:18 | INFO     |     c2: [1.0, 1.75, 2.5]
18:20:18 | INFO     | =======================================================
18:20:18 | INFO     | Ejecutando grid search...
18:20:27 | INFO     | -------------------------------------------------------
18:20:27 | INFO     | TOP 3  —  sphere
18:20:27 | INFO     |   rank      w     c1     c2      time    best_fitness
18:20:27 | INFO     |   ---- ------ ------ ------  --------  --------------
18:20:27 | INFO     |      1  0.650  1.000  1.000    0.071s    7.113185e-37
18:20:27 | INFO     |      2  0.400  1.750  1.750    0.093s    4.413059e-36
18:20:27 | INFO     |      3  0.650  1.750  1.000    0.074s    8.129900e-30
18:20:27 | INFO     | -------------------------------------------------------
18:20:27 | INFO     | -------------------------------------------------------
18:20:27 | INFO     | TOP 3  —  rastrigin
18:20:27 | INFO     |   rank      w     c1     c2      time    best_fitness
18:20:27 | INFO     |   ---- ------ ------ ------  --------  --------------
18:20:27 | INFO     |      1  0.650  2.500  1.000    0.075s    1.990943e+00
18:20:27 | INFO     |      2  0.400  2.500  1.000    0.066s    3.980697e+00
18:20:27 | INFO     |      3  0.650  1.000  2.500    0.073s    4.976626e+00
18:20:27 | INFO     | -------------------------------------------------------
18:20:27 | INFO     | -------------------------------------------------------
18:20:27 | INFO     | TOP 3  —  rosenbrock
18:20:27 | INFO     |   rank      w     c1     c2      time    best_fitness
18:20:27 | INFO     |   ---- ------ ------ ------  --------  --------------
18:20:27 | INFO     |      1  0.650  1.000  1.000    0.075s    4.098005e-01
18:20:27 | INFO     |      2  0.400  2.500  1.750    0.072s    1.835968e+00
18:20:27 | INFO     |      3  0.400  1.000  2.500    0.089s    2.922953e+00
18:20:27 | INFO     | -------------------------------------------------------
18:20:27 | INFO     | -------------------------------------------------------
18:20:27 | INFO     | TOP 3  —  ackley
18:20:27 | INFO     |   rank      w     c1     c2      time    best_fitness
18:20:27 | INFO     |   ---- ------ ------ ------  --------  --------------
18:20:27 | INFO     |      1  0.400  1.750  1.750    0.072s    7.549517e-15
18:20:27 | INFO     |      2  0.650  1.750  1.000    0.073s    7.549517e-15
18:20:27 | INFO     |      3  0.400  1.000  2.500    0.072s    3.787637e-12
18:20:27 | INFO     | -------------------------------------------------------
18:20:27 | INFO     | Plot guardado  →  src/io/convergence_gridsearch.png
18:20:28 | INFO     | Resultados guardados  →  src/io/resultsCSV.csv  /  resultsJSON.json
18:20:28 | INFO     | Grid search completado.
