12:56:17 | INFO     | Log guardado en: results\gridsearch_log\grid_search_20260524_125617.log
12:56:17 | INFO     | =======================================================
12:56:17 | INFO     | CONFIGURACIÓN GRID SEARCH
12:56:17 | INFO     | =======================================================
12:56:17 | INFO     |   combinaciones : 125
12:56:17 | INFO     |   funciones     : ['sphere', 'rastrigin', 'rosenbrock', 'ackley']
12:56:17 | INFO     |   num_particles : 100
12:56:17 | INFO     |   dim           : 10
12:56:17 | INFO     |   max_iters     : 500
12:56:17 | INFO     |   gridsearch    :
12:56:17 | INFO     |     w: [0.4, 0.525, 0.65, 0.775, 0.9]
12:56:17 | INFO     |     c1: [1.0, 2.0, 3.0, 4.0, 5.0]
12:56:17 | INFO     |     c2: [1.0, 2.0, 3.0, 4.0, 5.0]
12:56:17 | INFO     | =======================================================
12:56:17 | INFO     | Ejecutando grid search...
12:57:47 | INFO     | -------------------------------------------------------
12:57:47 | INFO     | TOP 3  —  sphere
12:57:47 | INFO     |   rank      w     c1     c2      time    best_fitness
12:57:47 | INFO     |   ---- ------ ------ ------  --------  --------------
12:57:47 | INFO     |      1  0.525  2.000  1.000    0.158s    1.140639e-77
12:57:47 | INFO     |      2  0.400  1.000  2.000    0.157s    4.446860e-75
12:57:47 | INFO     |      3  0.650  1.000  1.000    0.148s    2.683248e-70
12:57:47 | INFO     | -------------------------------------------------------
12:57:47 | INFO     | -------------------------------------------------------
12:57:47 | INFO     | TOP 3  —  rastrigin
12:57:47 | INFO     |   rank      w     c1     c2      time    best_fitness
12:57:47 | INFO     |   ---- ------ ------ ------  --------  --------------
12:57:47 | INFO     |      1  0.525  3.000  1.000    0.160s    9.949591e-01
12:57:47 | INFO     |      2  0.400  1.000  3.000    0.165s    9.951106e-01
12:57:47 | INFO     |      3  0.525  1.000  3.000    0.161s    1.008175e+00
12:57:47 | INFO     | -------------------------------------------------------
12:57:47 | INFO     | -------------------------------------------------------
12:57:47 | INFO     | TOP 3  —  rosenbrock
12:57:47 | INFO     |   rank      w     c1     c2      time    best_fitness
12:57:47 | INFO     |   ---- ------ ------ ------  --------  --------------
12:57:47 | INFO     |      1  0.650  1.000  2.000    0.171s    2.847732e-01
12:57:47 | INFO     |      2  0.650  2.000  1.000    0.171s    4.596930e-01
12:57:47 | INFO     |      3  0.525  1.000  1.000    0.171s    9.349257e-01
12:57:47 | INFO     | -------------------------------------------------------
12:57:47 | INFO     | -------------------------------------------------------
12:57:47 | INFO     | TOP 3  —  ackley
12:57:47 | INFO     |   rank      w     c1     c2      time    best_fitness
12:57:47 | INFO     |   ---- ------ ------ ------  --------  --------------
12:57:47 | INFO     |      1  0.400  1.000  2.000    0.171s    3.996803e-15
12:57:47 | INFO     |      2  0.400  2.000  2.000    0.175s    3.996803e-15
12:57:47 | INFO     |      3  0.400  3.000  1.000    0.178s    3.996803e-15
12:57:47 | INFO     | -------------------------------------------------------
12:57:47 | INFO     | Plot guardado  →  src/io/convergence_gridsearch.png
12:57:47 | INFO     | Resultados guardados  →  src/io/resultsCSV.csv  /  resultsJSON.json
12:57:47 | INFO     | Grid search completado.
