10:44:03 | INFO     | Saved log: results\gridsearch_log\grid_search_20260525_104403.log
10:44:03 | INFO     | =======================================================
10:44:03 | INFO     | GRID SEARCH CONFIGURATION
10:44:03 | INFO     | =======================================================
10:44:03 | INFO     |   combinations : 27
10:44:03 | INFO     |   functions     : ['sphere', 'rastrigin', 'rosenbrock', 'ackley']
10:44:03 | INFO     |   num_particles : 40
10:44:03 | INFO     |   dim           : 10
10:44:03 | INFO     |   max_iters     : 300
10:44:03 | INFO     |   gridsearch    :
10:44:03 | INFO     |     w: [0.4, 0.65, 0.9]
10:44:03 | INFO     |     c1: [1.0, 1.75, 2.5]
10:44:03 | INFO     |     c2: [1.0, 1.75, 2.5]
10:44:03 | INFO     | =======================================================
10:44:03 | INFO     | Running grid search...
10:44:11 | INFO     | -------------------------------------------------------
10:44:11 | INFO     | TOP 3 of sphere
10:44:11 | INFO     |   rank      w     c1     c2      time    best_fitness
10:44:11 | INFO     |   ---- ------ ------ ------  --------  --------------
10:44:11 | INFO     |      1  0.400  1.750  1.750    0.066s    6.759411e-37
10:44:11 | INFO     |      2  0.650  1.000  1.000    0.074s    7.458476e-35
10:44:11 | INFO     |      3  0.650  1.750  1.000    0.067s    1.919248e-30
10:44:11 | INFO     | -------------------------------------------------------
10:44:11 | INFO     | -------------------------------------------------------
10:44:11 | INFO     | TOP 3 of rastrigin
10:44:11 | INFO     |   rank      w     c1     c2      time    best_fitness
10:44:11 | INFO     |   ---- ------ ------ ------  --------  --------------
10:44:11 | INFO     |      1  0.400  2.500  1.000    0.073s    1.989926e+00
10:44:11 | INFO     |      2  0.650  2.500  1.000    0.083s    4.055902e+00
10:44:11 | INFO     |      3  0.650  1.750  1.750    0.066s    4.974810e+00
10:44:11 | INFO     | -------------------------------------------------------
10:44:11 | INFO     | -------------------------------------------------------
10:44:11 | INFO     | TOP 3 of rosenbrock
10:44:11 | INFO     |   rank      w     c1     c2      time    best_fitness
10:44:11 | INFO     |   ---- ------ ------ ------  --------  --------------
10:44:11 | INFO     |      1  0.650  2.500  1.000    0.071s    3.125796e-04
10:44:11 | INFO     |      2  0.400  1.000  2.500    0.075s    5.682019e-01
10:44:11 | INFO     |      3  0.650  1.000  2.500    0.072s    1.835972e+00
10:44:11 | INFO     | -------------------------------------------------------
10:44:11 | INFO     | -------------------------------------------------------
10:44:11 | INFO     | TOP 3 of ackley
10:44:11 | INFO     |   rank      w     c1     c2      time    best_fitness
10:44:11 | INFO     |   ---- ------ ------ ------  --------  --------------
10:44:11 | INFO     |      1  0.400  1.750  1.750    0.094s    7.549517e-15
10:44:11 | INFO     |      2  0.650  1.750  1.000    0.073s    7.549517e-15
10:44:11 | INFO     |      3  0.650  1.000  1.750    0.082s    1.577094e-11
10:44:11 | INFO     | -------------------------------------------------------
10:44:12 | INFO     | Saved plot in src/io/convergence_gridsearch.png
10:44:12 | INFO     | Saved results in src/io/resultsCSV.csv and src/io/resultsJSON.json
10:44:12 | INFO     | GRID SEARCH COMPLETED.
