10:49:18 | INFO     | Saved log: results\gridsearch_log\grid_search_20260525_104918.log
10:49:18 | INFO     | =======================================================
10:49:18 | INFO     | GRID SEARCH CONFIGURATION
10:49:18 | INFO     | =======================================================
10:49:18 | INFO     |   combinations : 27
10:49:18 | INFO     |   functions     : ['sphere', 'rastrigin', 'rosenbrock', 'ackley']
10:49:18 | INFO     |   num_particles : 40
10:49:18 | INFO     |   dim           : 10
10:49:18 | INFO     |   max_iters     : 300
10:49:18 | INFO     |   gridsearch    :
10:49:18 | INFO     |     w: [0.4, 0.65, 0.9]
10:49:18 | INFO     |     c1: [1.0, 1.75, 2.5]
10:49:18 | INFO     |     c2: [1.0, 1.75, 2.5]
10:49:18 | INFO     | =======================================================
10:49:18 | INFO     | Running grid search...
10:49:27 | INFO     | -------------------------------------------------------
10:49:27 | INFO     | TOP 3 of sphere
10:49:27 | INFO     |   rank      w     c1     c2      time    best_fitness
10:49:27 | INFO     |   ---- ------ ------ ------  --------  --------------
10:49:27 | INFO     |      1  0.650  1.000  1.000    0.102s    9.892657e-37
10:49:27 | INFO     |      2  0.400  1.750  1.750    0.089s    2.075060e-34
10:49:27 | INFO     |      3  0.650  1.750  1.000    0.072s    2.224532e-30
10:49:27 | INFO     | -------------------------------------------------------
10:49:27 | INFO     | -------------------------------------------------------
10:49:27 | INFO     | TOP 3 of rastrigin
10:49:27 | INFO     |   rank      w     c1     c2      time    best_fitness
10:49:27 | INFO     |   ---- ------ ------ ------  --------  --------------
10:49:27 | INFO     |      1  0.650  2.500  1.000    0.066s    4.974797e+00
10:49:27 | INFO     |      2  0.400  2.500  1.750    0.067s    5.246285e+00
10:49:27 | INFO     |      3  0.400  2.500  1.000    0.067s    5.969753e+00
10:49:27 | INFO     | -------------------------------------------------------
10:49:27 | INFO     | -------------------------------------------------------
10:49:27 | INFO     | TOP 3 of rosenbrock
10:49:27 | INFO     |   rank      w     c1     c2      time    best_fitness
10:49:27 | INFO     |   ---- ------ ------ ------  --------  --------------
10:49:27 | INFO     |      1  0.650  1.750  1.750    0.071s    1.152576e+00
10:49:27 | INFO     |      2  0.650  2.500  1.000    0.074s    1.171145e+00
10:49:27 | INFO     |      3  0.400  1.000  2.500    0.070s    2.297334e+00
10:49:27 | INFO     | -------------------------------------------------------
10:49:27 | INFO     | -------------------------------------------------------
10:49:27 | INFO     | TOP 3 of ackley
10:49:27 | INFO     |   rank      w     c1     c2      time    best_fitness
10:49:27 | INFO     |   ---- ------ ------ ------  --------  --------------
10:49:27 | INFO     |      1  0.400  1.750  1.750    0.073s    3.996803e-15
10:49:27 | INFO     |      2  0.650  1.000  1.000    0.073s    3.996803e-15
10:49:27 | INFO     |      3  0.650  1.750  1.000    0.098s    7.549517e-15
10:49:27 | INFO     | -------------------------------------------------------
10:49:28 | INFO     | Saved plot in src/io/convergence_gridsearch.png
10:49:28 | INFO     | Saved results in src/io/resultsCSV.csv and src/io/resultsJSON.json
10:49:28 | INFO     | GRID SEARCH COMPLETED.
