17:09:11 | INFO     | Log guardado en: results\parallels_log\parallels_20260524_170911.log
17:09:11 | INFO     | =======================================================
17:09:11 | INFO     | CONFIGURACIÓN GENERAL
17:09:11 | INFO     | =======================================================
17:09:11 | INFO     |   num_particles : 40
17:09:11 | INFO     |   dim           : 10
17:09:11 | INFO     |   bounds        : [-5, 5]
17:09:11 | INFO     |   max_iters     : 500
17:09:11 | INFO     |   functions     : ['sphere', 'rastrigin', 'rosenbrock', 'ackley']
17:09:11 | INFO     |   gridsearch    :
17:09:11 | INFO     |     w: [0.4, 0.65, 0.9]
17:09:11 | INFO     |     c1: [1.0, 1.75, 2.5]
17:09:11 | INFO     |     c2: [1.0, 1.75, 2.5]
17:09:11 | INFO     |   workers       :
17:09:11 | INFO     |     v1_workers   : None
17:09:11 | INFO     |     v2_workers   : None
17:09:11 | INFO     |     v2_batch     : 2
17:09:11 | INFO     |     v3_max_delay : 0.02
17:09:11 | INFO     | =======================================================
17:09:11 | INFO     | Ejecutando V1 (threading)...
17:10:24 | INFO     | -------------------------------------------------------
17:10:24 | INFO     | RESULTADO — V1 threading  (mejor run por función)
17:10:24 | INFO     |   función           w     c1     c2      time    best_fitness
17:10:24 | INFO     |   ------------ ------ ------ ------  --------  --------------
17:10:24 | INFO     |   sphere        0.400  1.750  1.750    0.670s    5.932950e-61
17:10:24 | INFO     |   rastrigin     0.650  2.500  1.000    0.694s    1.989918e+00
17:10:24 | INFO     |   rosenbrock    0.400  1.000  2.500    0.661s    4.181322e-01
17:10:24 | INFO     |   ackley        0.650  1.000  1.750    0.676s    3.996803e-15
17:10:24 | INFO     |   ───────────────────────────────────────────────────────
17:10:24 | INFO     |   total_time    : 73.307s  (todos los runs)
17:10:24 | INFO     |   n_runs        : 108
17:10:24 | INFO     |   best_overall  : 5.932950e-61
17:10:24 | INFO     | -------------------------------------------------------
17:10:24 | INFO     | Ejecutando V2 (multiprocessing)...
17:18:47 | INFO     | -------------------------------------------------------
17:18:47 | INFO     | RESULTADO — V2 multiprocessing  (mejor run por función)
17:18:47 | INFO     |   función           w     c1     c2      time    best_fitness
17:18:47 | INFO     |   ------------ ------ ------ ------  --------  --------------
17:18:47 | INFO     |   sphere        0.650  1.000  1.000    4.753s    1.312384e-61
17:18:47 | INFO     |   rastrigin     0.650  2.500  1.000    4.720s    1.989918e+00
17:18:47 | INFO     |   rosenbrock    0.400  1.000  2.500    4.507s    1.271293e+00
17:18:47 | INFO     |   ackley        0.400  1.000  2.500    4.569s    3.996803e-15
17:18:47 | INFO     |   ───────────────────────────────────────────────────────
17:18:47 | INFO     |   total_time    : 503.103s  (todos los runs)
17:18:47 | INFO     |   n_runs        : 108
17:18:47 | INFO     |   best_overall  : 1.312384e-61
17:18:47 | INFO     | -------------------------------------------------------
17:18:47 | INFO     | Ejecutando V3 (asyncio, latencia simulada)...
17:47:11 | INFO     | -------------------------------------------------------
17:47:11 | INFO     | RESULTADO — V3 asyncio  (mejor run por función)
17:47:11 | INFO     |   función           w     c1     c2      time    best_fitness
17:47:11 | INFO     |   ------------ ------ ------ ------  --------  --------------
17:47:11 | INFO     |   sphere        0.400  1.750  1.750   16.191s    3.834273e-59
17:47:11 | INFO     |   rastrigin     0.900  1.000  1.000   16.052s    1.015176e+00
17:47:11 | INFO     |   rosenbrock    0.400  2.500  1.750   15.931s    1.835968e+00
17:47:11 | INFO     |   ackley        0.400  1.000  2.500   15.597s    3.996803e-15
17:47:11 | INFO     |   ───────────────────────────────────────────────────────
17:47:11 | INFO     |   total_time    : 1703.861s  (todos los runs)
17:47:11 | INFO     |   n_runs        : 108
17:47:11 | INFO     |   best_overall  : 3.834273e-59
17:47:11 | INFO     | -------------------------------------------------------
17:47:11 | INFO     | Ejecutando V4 (NumPy vectorizado)...
17:47:36 | INFO     | -------------------------------------------------------
17:47:36 | INFO     | RESULTADO — V4 numpy  (mejor run por función)
17:47:36 | INFO     |   función           w     c1     c2      time    best_fitness
17:47:36 | INFO     |   ------------ ------ ------ ------  --------  --------------
17:47:36 | INFO     |   sphere        0.650  1.000  1.000    0.158s    1.893096e-61
17:47:36 | INFO     |   rastrigin     0.400  2.500  1.000    0.106s    9.951085e-01
17:47:36 | INFO     |   rosenbrock    0.400  1.750  2.500    0.336s    1.150324e-02
17:47:36 | INFO     |   ackley        0.400  1.750  1.750    0.078s    3.996803e-15
17:47:36 | INFO     |   ───────────────────────────────────────────────────────
17:47:36 | INFO     |   total_time    : 25.503s  (todos los runs)
17:47:36 | INFO     |   n_runs        : 108
17:47:36 | INFO     |   best_overall  : 1.893096e-61
17:47:36 | INFO     | -------------------------------------------------------
17:47:36 | INFO     | Benchmark completado.
