18:45:09 | INFO     | Log guardado en: results\parallels_log\parallels_20260524_184509.log
18:45:09 | INFO     | =======================================================
18:45:09 | INFO     | CONFIGURACIÓN GENERAL
18:45:09 | INFO     | =======================================================
18:45:09 | INFO     |   num_particles : 40
18:45:09 | INFO     |   dim           : 10
18:45:09 | INFO     |   bounds        : [-5, 5]
18:45:09 | INFO     |   max_iters     : 500
18:45:09 | INFO     |   functions     : ['sphere', 'rastrigin', 'rosenbrock', 'ackley']
18:45:09 | INFO     |   gridsearch    :
18:45:09 | INFO     |     w: [0.4, 0.65, 0.9]
18:45:09 | INFO     |     c1: [1.0, 1.75, 2.5]
18:45:09 | INFO     |     c2: [1.0, 1.75, 2.5]
18:45:09 | INFO     |   workers       :
18:45:09 | INFO     |     v1_workers   : None
18:45:09 | INFO     |     v2_workers   : None
18:45:09 | INFO     |     v2_batch     : 2
18:45:09 | INFO     |     v3_max_delay : 0.02
18:45:09 | INFO     | =======================================================
18:45:09 | INFO     | Ejecutando V1 (threading)...
18:47:59 | INFO     | -------------------------------------------------------
18:47:59 | INFO     | RESULTADO — V1 threading  (mejor run por función)
18:47:59 | INFO     |   función           w     c1     c2      time    best_fitness
18:47:59 | INFO     |   ------------ ------ ------ ------  --------  --------------
18:47:59 | INFO     |   sphere        0.650  1.000  1.000    1.479s    1.093288e-61
18:47:59 | INFO     |   rastrigin     0.650  2.500  1.000    1.526s    1.989918e+00
18:47:59 | INFO     |   rosenbrock    0.400  1.000  2.500    1.460s    8.788732e-01
18:47:59 | INFO     |   ackley        0.400  1.000  2.500    1.518s    3.996803e-15
18:47:59 | INFO     |   ───────────────────────────────────────────────────────
18:47:59 | INFO     |   total_time    : 169.087s  (todos los runs)
18:47:59 | INFO     |   n_runs        : 108
18:47:59 | INFO     |   best_overall  : 1.093288e-61
18:47:59 | INFO     | -------------------------------------------------------
18:47:59 | INFO     | Ejecutando V2 (multiprocessing)...
18:58:59 | INFO     | -------------------------------------------------------
18:58:59 | INFO     | RESULTADO — V2 multiprocessing  (mejor run por función)
18:58:59 | INFO     |   función           w     c1     c2      time    best_fitness
18:58:59 | INFO     |   ------------ ------ ------ ------  --------  --------------
18:58:59 | INFO     |   sphere        0.650  1.000  1.000    6.275s    3.203066e-60
18:58:59 | INFO     |   rastrigin     0.650  2.500  1.750    6.669s    4.742533e+00
18:58:59 | INFO     |   rosenbrock    0.650  1.750  1.750    5.883s    1.678361e-02
18:58:59 | INFO     |   ackley        0.400  1.000  2.500    5.967s    3.996803e-15
18:58:59 | INFO     |   ───────────────────────────────────────────────────────
18:58:59 | INFO     |   total_time    : 660.741s  (todos los runs)
18:58:59 | INFO     |   n_runs        : 108
18:58:59 | INFO     |   best_overall  : 3.203066e-60
18:58:59 | INFO     | -------------------------------------------------------
18:58:59 | INFO     | Ejecutando V3 (asyncio, latencia simulada)...
19:42:54 | INFO     | -------------------------------------------------------
19:42:54 | INFO     | RESULTADO — V3 asyncio  (mejor run por función)
19:42:54 | INFO     |   función           w     c1     c2      time    best_fitness
19:42:54 | INFO     |   ------------ ------ ------ ------  --------  --------------
19:42:54 | INFO     |   sphere        0.400  1.750  1.750   15.898s    4.753332e-60
19:42:54 | INFO     |   rastrigin     0.650  1.000  2.500   14.800s    9.949591e-01
19:42:54 | INFO     |   rosenbrock    0.650  1.000  1.750   15.252s    1.288717e-01
19:42:54 | INFO     |   ackley        0.400  1.750  1.750   15.669s    3.996803e-15
19:42:54 | INFO     |   ───────────────────────────────────────────────────────
19:42:54 | INFO     |   total_time    : 2634.947s  (todos los runs)
19:42:54 | INFO     |   n_runs        : 108
19:42:54 | INFO     |   best_overall  : 4.753332e-60
19:42:54 | INFO     | -------------------------------------------------------
19:42:54 | INFO     | Ejecutando V4 (NumPy vectorizado)...
19:43:10 | INFO     | -------------------------------------------------------
19:43:10 | INFO     | RESULTADO — V4 numpy  (mejor run por función)
19:43:10 | INFO     |   función           w     c1     c2      time    best_fitness
19:43:10 | INFO     |   ------------ ------ ------ ------  --------  --------------
19:43:10 | INFO     |   sphere        0.650  1.000  1.000    0.140s    9.952437e-62
19:43:10 | INFO     |   rastrigin     0.650  1.750  1.000    0.104s    3.979836e+00
19:43:10 | INFO     |   rosenbrock    0.400  1.750  2.500    0.195s    5.910723e-01
19:43:10 | INFO     |   ackley        0.400  1.000  2.500    0.161s    3.996803e-15
19:43:10 | INFO     |   ───────────────────────────────────────────────────────
19:43:10 | INFO     |   total_time    : 15.800s  (todos los runs)
19:43:10 | INFO     |   n_runs        : 108
19:43:10 | INFO     |   best_overall  : 9.952437e-62
19:43:10 | INFO     | -------------------------------------------------------
19:43:10 | INFO     | Benchmark completado.
