12:01:51 | INFO     | Saved log in: results\usecase_log\use_case_20260525_120151.log
12:01:51 | INFO     | ==================================================
12:01:51 | INFO     | USE CASE: SVM optimization using PSO
12:01:51 | INFO     | Dataset: Digits (sklearn)
12:01:51 | INFO     |   samples  : 1797
12:01:51 | INFO     |   features  : 64
12:01:51 | INFO     |   classes    : 10  [0, 1, 2, 3, 4, 5, 6, 7, 8, 9]
12:01:51 | INFO     |   cv folds  : 5
12:01:51 | INFO     |   seed      : 42
12:01:51 | INFO     | ==================================================
12:02:47 | INFO     | --------------------------------------------------
12:02:47 | INFO     | RESULTS V0 Sequential
12:02:47 | INFO     |   C (classes separation)  : 1000.000000
12:02:47 | INFO     |   gamma (influence ratio) : 0.008410
12:02:47 | INFO     |   accuracy     : 0.9577  (95.77%)
12:02:47 | INFO     |   evaluations : 800
12:02:47 | INFO     |   time         : 56.67s
12:02:47 | INFO     | --------------------------------------------------
12:03:10 | INFO     | --------------------------------------------------
12:03:10 | INFO     | RESULTS V1 Threading
12:03:10 | INFO     |   C (classes separation)  : 1000.000000
12:03:10 | INFO     |   gamma (influence ratio) : 0.008410
12:03:10 | INFO     |   accuracy     : 0.9577  (95.77%)
12:03:10 | INFO     |   evaluations : 800
12:03:10 | INFO     |   time         : 23.01s
12:03:10 | INFO     | --------------------------------------------------
12:04:32 | INFO     | --------------------------------------------------
12:04:32 | INFO     | RESULTS V2 Multiprocessing
12:04:32 | INFO     |   C (classes separation)  : 1000.000000
12:04:32 | INFO     |   gamma (influence ratio) : 0.008410
12:04:32 | INFO     |   accuracy     : 0.9577  (95.77%)
12:04:32 | INFO     |   evaluations : 0
12:04:32 | INFO     |   time         : 81.60s
12:04:32 | INFO     | --------------------------------------------------
12:05:20 | INFO     | --------------------------------------------------
12:05:20 | INFO     | RESULTS V3 Asyncio
12:05:20 | INFO     |   C (classes separation)  : 12.144580
12:05:20 | INFO     |   gamma (influence ratio) : 0.008514
12:05:20 | INFO     |   accuracy     : 0.9583  (95.83%)
12:05:20 | INFO     |   evaluations : 800
12:05:20 | INFO     |   time         : 48.42s
12:05:20 | INFO     | --------------------------------------------------
12:05:20 | INFO     | Running GridSearchCV as baseline...
12:05:21 | INFO     | --------------------------------------------------
12:05:21 | INFO     | RESULTS for GridSearchCV
12:05:21 | INFO     |   C (classes separation) : 10
12:05:21 | INFO     |   gamma (influence ratio) : 0.01
12:05:21 | INFO     |   accuracy   : 0.9560  (95.60%)
12:05:21 | INFO     |   time       : 1.16s
12:05:21 | INFO     |   combined evaluations: 20
12:05:21 | INFO     | --------------------------------------------------
12:05:21 | INFO     | ==================================================
12:05:21 | INFO     | SUMMARY
12:05:21 | INFO     |   Version                  Accuracy      Time
12:05:21 | INFO     |   ---------------------- ----------  --------
12:05:21 | INFO     |   V0 Sequential              0.9577    56.67s
12:05:21 | INFO     |   V1 Threading               0.9577    23.01s
12:05:21 | INFO     |   V2 Multiprocessing         0.9577    81.60s
12:05:21 | INFO     |   V3 Asyncio                 0.9583    48.42s
12:05:21 | INFO     |   GridSearchCV               0.9560     1.16s
12:05:21 | INFO     |   Speedup V1 Threading: 2.46x
12:05:21 | INFO     |   Speedup V2 Multiprocessing: 0.69x
12:05:21 | INFO     |   Speedup V3 Asyncio: 1.17x
12:05:21 | INFO     | ==================================================
12:05:23 | INFO     | USE CASE COMPLETED.
