10:40:57 | INFO     | Saved log: results\pso_log\pso_20260525_104057.log
10:40:57 | INFO     | =======================================================
10:40:57 | INFO     | CONFIGURATION
10:40:57 | INFO     | =======================================================
10:40:57 | INFO     |   num_particles : 40
10:40:57 | INFO     |   dim           : 10
10:40:57 | INFO     |   bounds        : [-5, 5]
10:40:57 | INFO     |   max_iters     : 500
10:40:57 | INFO     |   functions     : ['sphere', 'rastrigin', 'rosenbrock', 'ackley']
10:40:57 | INFO     |   gridsearch    :
10:40:57 | INFO     |     w: [0.4, 0.65, 0.9]
10:40:57 | INFO     |     c1: [1.0, 1.75, 2.5]
10:40:57 | INFO     |     c2: [1.0, 1.75, 2.5]
10:40:57 | INFO     | =======================================================
10:40:57 | INFO     | Running base PSO...
10:41:10 | INFO     | -------------------------------------------------------
10:41:10 | INFO     | RESULTS of Base PSO  (Best of each Function)
10:41:10 | INFO     |   function          w     c1     c2      time    best_fitness
10:41:10 | INFO     |   ------------ ------ ------ ------  --------  --------------
10:41:10 | INFO     |   sphere        0.650  1.000  1.000    0.108s    3.727310e-61
10:41:10 | INFO     |   rastrigin     0.650  2.500  1.750    0.117s    2.621981e-01
10:41:10 | INFO     |   rosenbrock    0.650  1.000  2.500    0.121s    5.111066e-04
10:41:10 | INFO     |   ackley        0.650  1.000  1.750    0.121s    3.996803e-15
10:41:10 | INFO     | -------------------------------------------------------
10:41:10 | INFO     | Running pyswarm baseline...
10:41:28 | INFO     | -------------------------------------------------------
10:41:28 | INFO     | RESULTS of Pyswarm baseline  (Best of each Function)
10:41:28 | INFO     |   Function         time    best_fitness
10:41:28 | INFO     |   ------------ --------  --------------
10:41:28 | INFO     |   sphere         0.460s    2.360168e-08
10:41:28 | INFO     |   rastrigin      0.657s    2.001108e+00
10:41:28 | INFO     |   rosenbrock     0.535s    3.030514e-01
10:41:28 | INFO     |   ackley         0.300s    5.065688e-08
10:41:28 | INFO     | -------------------------------------------------------
10:41:29 | INFO     | Convergence plot saved in src/io/convergence_pso.png
10:41:29 | INFO     | Saved results in src/io/resultsCSV.csv and src/io/resultsJSON.json
10:41:29 | INFO     | COMPLETED.
