10:49:34 | INFO     | Saved log: results\pso_log\pso_20260525_104934.log
10:49:34 | INFO     | =======================================================
10:49:34 | INFO     | CONFIGURATION
10:49:34 | INFO     | =======================================================
10:49:34 | INFO     |   num_particles : 40
10:49:34 | INFO     |   dim           : 10
10:49:34 | INFO     |   bounds        : [-5, 5]
10:49:34 | INFO     |   max_iters     : 300
10:49:34 | INFO     |   functions     : ['sphere', 'rastrigin', 'rosenbrock', 'ackley']
10:49:34 | INFO     |   gridsearch    :
10:49:34 | INFO     |     w: [0.4, 0.65, 0.9]
10:49:34 | INFO     |     c1: [1.0, 1.75, 2.5]
10:49:34 | INFO     |     c2: [1.0, 1.75, 2.5]
10:49:34 | INFO     | =======================================================
10:49:34 | INFO     | Running base PSO...
10:49:44 | INFO     | -------------------------------------------------------
10:49:44 | INFO     | RESULTS of Base PSO  (Best of each Function)
10:49:44 | INFO     |   function          w     c1     c2      time    best_fitness
10:49:44 | INFO     |   ------------ ------ ------ ------  --------  --------------
10:49:44 | INFO     |   sphere        0.650  1.000  1.000    0.095s    9.516721e-36
10:49:44 | INFO     |   rastrigin     0.400  2.500  1.000    0.078s    1.990118e+00
10:49:44 | INFO     |   rosenbrock    0.400  1.750  2.500    0.082s    1.835968e+00
10:49:44 | INFO     |   ackley        0.400  1.750  1.750    0.079s    3.996803e-15
10:49:44 | INFO     | -------------------------------------------------------
10:49:44 | INFO     | Running pyswarm baseline...
10:49:55 | INFO     | -------------------------------------------------------
10:49:55 | INFO     | RESULTS of Pyswarm baseline  (Best of each Function)
10:49:55 | INFO     |   Function         time    best_fitness
10:49:55 | INFO     |   ------------ --------  --------------
10:49:55 | INFO     |   sphere         0.308s    4.062502e-08
10:49:55 | INFO     |   rastrigin      0.354s    2.985068e+00
10:49:55 | INFO     |   rosenbrock     0.341s    1.119027e+00
10:49:55 | INFO     |   ackley         0.300s    1.066274e-07
10:49:55 | INFO     | -------------------------------------------------------
10:49:57 | INFO     | Convergence plot saved in src/io/convergence_pso.png
10:49:57 | INFO     | Saved results in src/io/resultsCSV.csv and src/io/resultsJSON.json
10:49:57 | INFO     | COMPLETED.
