12:04:11 | INFO     | Log guardado en: results\pso_log\pso_20260524_120411.log
12:04:11 | INFO     | =======================================================
12:04:11 | INFO     | CONFIGURACIÓN
12:04:11 | INFO     | =======================================================
12:04:11 | INFO     |   num_particles : 30
12:04:11 | INFO     |   dim           : 30
12:04:11 | INFO     |   bounds        : [-5, 5]
12:04:11 | INFO     |   max_iters     : 100
12:04:11 | INFO     |   functions     : ['sphere', 'rastrigin', 'rosenbrock', 'ackley']
12:04:11 | INFO     |   gridsearch    :
12:04:11 | INFO     |     w: [0.4, 0.65, 0.9]
12:04:11 | INFO     |     c1: [1.0, 3.0, 5.0]
12:04:11 | INFO     |     c2: [1.0, 3.0, 5.0]
12:04:11 | INFO     | =======================================================
12:04:11 | INFO     | Ejecutando base PSO...
12:04:17 | INFO     | -------------------------------------------------------
12:04:17 | INFO     | RESULTADO — Base PSO  (mejor por función)
12:04:17 | INFO     |   función           w     c1     c2      time    best_fitness
12:04:17 | INFO     |   ------------ ------ ------ ------  --------  --------------
12:04:17 | INFO     |   sphere        0.650  1.000  1.000    0.058s    7.692484e+00
12:04:17 | INFO     |   rastrigin     0.650  1.000  1.000    0.048s    1.762550e+02
12:04:17 | INFO     |   rosenbrock    0.400  3.000  1.000    0.061s    1.370784e+03
12:04:17 | INFO     |   ackley        0.400  3.000  1.000    0.051s    3.478673e+00
12:04:17 | INFO     | -------------------------------------------------------
12:04:17 | INFO     | Ejecutando pyswarm baseline...
12:04:23 | INFO     | -------------------------------------------------------
12:04:23 | INFO     | RESULTADO — Pyswarm baseline  (mejor por función)
12:04:23 | INFO     |   función          time    best_fitness
12:04:23 | INFO     |   ------------ --------  --------------
12:04:23 | INFO     |   sphere         0.203s    3.418268e+00
12:04:23 | INFO     |   rastrigin      0.213s    1.024797e+02
12:04:23 | INFO     |   rosenbrock     0.213s    3.254642e+02
12:04:23 | INFO     |   ackley         0.213s    3.128110e+00
12:04:23 | INFO     | -------------------------------------------------------
12:04:24 | INFO     | Convergence plot guardado en src/io/convergence_pso.png
12:04:24 | INFO     | Resultados guardados en src/io/resultsCSV.csv y resultsJSON.json
12:04:24 | INFO     | Ejecución completada.
