10:43:11 | INFO     | Saved log: results\pso_log\pso_20260525_104310.log
10:43:11 | INFO     | =======================================================
10:43:11 | INFO     | CONFIGURATION
10:43:11 | INFO     | =======================================================
10:43:11 | INFO     |   num_particles : 40
10:43:11 | INFO     |   dim           : 10
10:43:11 | INFO     |   bounds        : [-5, 5]
10:43:11 | INFO     |   max_iters     : 300
10:43:11 | INFO     |   functions     : ['sphere', 'rastrigin', 'rosenbrock', 'ackley']
10:43:11 | INFO     |   gridsearch    :
10:43:11 | INFO     |     w: [0.4, 0.65, 0.9]
10:43:11 | INFO     |     c1: [1.0, 1.75, 2.5]
10:43:11 | INFO     |     c2: [1.0, 1.75, 2.5]
10:43:11 | INFO     | =======================================================
10:43:11 | INFO     | Running base PSO...
10:43:20 | INFO     | -------------------------------------------------------
10:43:20 | INFO     | RESULTS of Base PSO  (Best of each Function)
10:43:20 | INFO     |   function          w     c1     c2      time    best_fitness
10:43:20 | INFO     |   ------------ ------ ------ ------  --------  --------------
10:43:20 | INFO     |   sphere        0.400  1.750  1.750    0.118s    2.229467e-35
10:43:20 | INFO     |   rastrigin     0.400  2.500  1.000    0.070s    2.985425e+00
10:43:20 | INFO     |   rosenbrock    0.650  2.500  1.000    0.076s    1.533726e+00
10:43:20 | INFO     |   ackley        0.400  1.750  1.750    0.097s    3.996803e-15
10:43:20 | INFO     | -------------------------------------------------------
10:43:20 | INFO     | Running pyswarm baseline...
10:43:30 | INFO     | -------------------------------------------------------
10:43:30 | INFO     | RESULTS of Pyswarm baseline  (Best of each Function)
10:43:30 | INFO     |   Function         time    best_fitness
10:43:30 | INFO     |   ------------ --------  --------------
10:43:30 | INFO     |   sphere         0.321s    3.253017e-08
10:43:30 | INFO     |   rastrigin      0.417s    3.992258e+00
10:43:30 | INFO     |   rosenbrock     0.321s    1.441848e+00
10:43:30 | INFO     |   ackley         0.215s    5.822503e-08
10:43:30 | INFO     | -------------------------------------------------------
10:43:31 | INFO     | Convergence plot saved in src/io/convergence_pso.png
10:43:31 | INFO     | Saved results in src/io/resultsCSV.csv and src/io/resultsJSON.json
10:43:31 | INFO     | COMPLETED.
