13:11:20 | INFO     | Saved log: results\pso_log\pso_20260525_131120.log
13:11:20 | INFO     | =======================================================
13:11:20 | INFO     | CONFIGURATION
13:11:21 | INFO     | =======================================================
13:11:21 | INFO     |   num_particles : 40
13:11:21 | INFO     |   dim           : 10
13:11:21 | INFO     |   bounds        : [-5, 5]
13:11:21 | INFO     |   max_iters     : 500
13:11:21 | INFO     |   functions     : ['sphere', 'rastrigin', 'rosenbrock', 'ackley']
13:11:21 | INFO     |   gridsearch    :
13:11:21 | INFO     |     w: [0.4, 0.65, 0.9]
13:11:21 | INFO     |     c1: [1.0, 1.75, 2.5]
13:11:21 | INFO     |     c2: [1.0, 1.75, 2.5]
13:11:21 | INFO     | =======================================================
13:11:21 | INFO     | Running base PSO...
13:11:28 | INFO     | -------------------------------------------------------
13:11:28 | INFO     | RESULTS of Base PSO  (Best of each Function)
13:11:28 | INFO     |   function          w     c1     c2      time    best_fitness
13:11:28 | INFO     |   ------------ ------ ------ ------  --------  --------------
13:11:28 | INFO     |   sphere        0.400  1.750  1.750    0.062s    9.149566e-63
13:11:28 | INFO     |   rastrigin     0.400  1.750  2.500    0.066s    2.984877e+00
13:11:28 | INFO     |   rosenbrock    0.400  1.750  2.500    0.068s    2.366347e-01
13:11:28 | INFO     |   ackley        0.400  1.000  2.500    0.069s    3.996803e-15
13:11:28 | INFO     | -------------------------------------------------------
13:11:28 | INFO     | Running pyswarm baseline...
13:11:36 | INFO     | -------------------------------------------------------
13:11:36 | INFO     | RESULTS of Pyswarm baseline  (Best of each Function)
13:11:36 | INFO     |   Function         time    best_fitness
13:11:36 | INFO     |   ------------ --------  --------------
13:11:36 | INFO     |   sphere         0.203s    4.159137e-08
13:11:36 | INFO     |   rastrigin      0.272s    1.989918e+00
13:11:36 | INFO     |   rosenbrock     0.200s    1.267610e+00
13:11:36 | INFO     |   ackley         0.203s    1.038126e-07
13:11:36 | INFO     | -------------------------------------------------------
13:11:37 | INFO     | Convergence plot saved in src/io/convergence_pso.png
13:11:37 | INFO     | Saved results in src/io/resultsCSV.csv and src/io/resultsJSON.json
13:11:37 | INFO     | COMPLETED.
