13:14:15 | INFO     | Saved log: results\pso_log\pso_20260525_131415.log
13:14:15 | INFO     | =======================================================
13:14:15 | INFO     | CONFIGURATION
13:14:15 | INFO     | =======================================================
13:14:15 | INFO     |   num_particles : 40
13:14:15 | INFO     |   dim           : 10
13:14:15 | INFO     |   bounds        : [-5, 5]
13:14:15 | INFO     |   max_iters     : 300
13:14:15 | INFO     |   functions     : ['sphere', 'rastrigin', 'rosenbrock', 'ackley']
13:14:15 | INFO     |   gridsearch    :
13:14:15 | INFO     |     w: [0.4, 0.65, 0.9]
13:14:15 | INFO     |     c1: [1.0, 1.75, 2.5]
13:14:15 | INFO     |     c2: [1.0, 1.75, 2.5]
13:14:15 | INFO     | =======================================================
13:14:15 | INFO     | Running base PSO...
13:14:19 | INFO     | -------------------------------------------------------
13:14:19 | INFO     | RESULTS of Base PSO  (Best of each Function)
13:14:19 | INFO     |   function          w     c1     c2      time    best_fitness
13:14:19 | INFO     |   ------------ ------ ------ ------  --------  --------------
13:14:19 | INFO     |   sphere        0.650  1.000  1.000    0.038s    2.091245e-36
13:14:19 | INFO     |   rastrigin     0.400  2.500  1.000    0.043s    3.979858e+00
13:14:19 | INFO     |   rosenbrock    0.400  2.500  1.750    0.043s    2.153176e-01
13:14:19 | INFO     |   ackley        0.400  1.750  1.750    0.044s    7.549517e-15
13:14:19 | INFO     | -------------------------------------------------------
13:14:19 | INFO     | Running pyswarm baseline...
13:14:25 | INFO     | -------------------------------------------------------
13:14:25 | INFO     | RESULTS of Pyswarm baseline  (Best of each Function)
13:14:25 | INFO     |   Function         time    best_fitness
13:14:25 | INFO     |   ------------ --------  --------------
13:14:25 | INFO     |   sphere         0.131s    1.727838e-08
13:14:25 | INFO     |   rastrigin      0.215s    1.993146e+00
13:14:25 | INFO     |   rosenbrock     0.263s    7.332519e-01
13:14:25 | INFO     |   ackley         0.155s    7.315496e-08
13:14:25 | INFO     | -------------------------------------------------------
13:14:26 | INFO     | Convergence plot saved in src/io/convergence_pso.png
13:14:26 | INFO     | Saved results in src/io/resultsCSV.csv and src/io/resultsJSON.json
13:14:26 | INFO     | COMPLETED.
